envs/fashmnist/data_level/backdoor/Halimi/N_5/2
envs/fashmnist/data_level/backdoor/Halimi/N_5/6
envs/fashmnist/data_level/backdoor/Halimi/N_5/10
envs/fashmnist/data_level/backdoor/Halimi/N_10/2
envs/fashmnist/data_level/backdoor/Halimi/N_10/6
envs/fashmnist/data_level/backdoor/Halimi/N_10/10
envs/fashmnist/data_level/backdoor/NoT/N_5/2
envs/fashmnist/data_level/backdoor/NoT/N_5/6
envs/fashmnist/data_level/backdoor/NoT/N_5/10
envs/fashmnist/data_level/backdoor/NoT/N_10/2
envs/fashmnist/data_level/backdoor/NoT/N_10/6
envs/fashmnist/data_level/backdoor/NoT/N_10/10
envs/fashmnist/data_level/backdoor/unlearn/JS/N_5/2
envs/fashmnist/data_level/backdoor/unlearn/JS/N_5/6
envs/fashmnist/data_level/backdoor/unlearn/JS/N_5/10
envs/fashmnist/data_level/backdoor/unlearn/JS/N_10/2
envs/fashmnist/data_level/backdoor/unlearn/JS/N_10/6
envs/fashmnist/data_level/backdoor/unlearn/JS/N_10/10
envs/fashmnist/data_level/backdoor/unlearn/X2/N_5/2
envs/fashmnist/data_level/backdoor/unlearn/X2/N_5/6
envs/fashmnist/data_level/backdoor/unlearn/X2/N_5/10
envs/fashmnist/data_level/backdoor/unlearn/X2/N_10/2
envs/fashmnist/data_level/backdoor/unlearn/X2/N_10/6
envs/fashmnist/data_level/backdoor/unlearn/X2/N_10/10
envs/fashmnist/data_level/backdoor/unlearn/N_5/2
envs/fashmnist/data_level/backdoor/unlearn/N_5/6
envs/fashmnist/data_level/backdoor/unlearn/N_5/10
envs/fashmnist/data_level/backdoor/unlearn/N_10/2
envs/fashmnist/data_level/backdoor/unlearn/N_10/6
envs/fashmnist/data_level/backdoor/unlearn/N_10/10
envs/fashmnist/data_level/confuse/Halimi/N_5/2
envs/fashmnist/data_level/confuse/Halimi/N_5/6
envs/fashmnist/data_level/confuse/Halimi/N_5/10
envs/fashmnist/data_level/confuse/Halimi/N_10/2
envs/fashmnist/data_level/confuse/Halimi/N_10/6
envs/fashmnist/data_level/confuse/Halimi/N_10/10
envs/fashmnist/data_level/confuse/NoT/N_5/2
envs/fashmnist/data_level/confuse/NoT/N_5/6
envs/fashmnist/data_level/confuse/NoT/N_5/10
envs/fashmnist/data_level/confuse/NoT/N_10/2
envs/fashmnist/data_level/confuse/NoT/N_10/6
envs/fashmnist/data_level/confuse/NoT/N_10/10
envs/fashmnist/data_level/confuse/unlearn/JS/N_5/2
envs/fashmnist/data_level/confuse/unlearn/JS/N_5/6
envs/fashmnist/data_level/confuse/unlearn/JS/N_5/10
envs/fashmnist/data_level/confuse/unlearn/JS/N_10/2
envs/fashmnist/data_level/confuse/unlearn/JS/N_10/6
envs/fashmnist/data_level/confuse/unlearn/JS/N_10/10
envs/fashmnist/data_level/confuse/unlearn/X2/N_5/2
envs/fashmnist/data_level/confuse/unlearn/X2/N_5/6
envs/fashmnist/data_level/confuse/unlearn/X2/N_5/10
envs/fashmnist/data_level/confuse/unlearn/X2/N_10/2
envs/fashmnist/data_level/confuse/unlearn/X2/N_10/6
envs/fashmnist/data_level/confuse/unlearn/X2/N_10/10
envs/fashmnist/data_level/confuse/unlearn/N_5/2
envs/fashmnist/data_level/confuse/unlearn/N_5/6
envs/fashmnist/data_level/confuse/unlearn/N_5/10
envs/fashmnist/data_level/confuse/unlearn/N_10/2
envs/fashmnist/data_level/confuse/unlearn/N_10/6
envs/fashmnist/data_level/confuse/unlearn/N_10/10
envs/fashmnist/data_level/privacy/Halimi/N_5/2
envs/fashmnist/data_level/privacy/Halimi/N_5/6
envs/fashmnist/data_level/privacy/Halimi/N_5/10
envs/fashmnist/data_level/privacy/Halimi/N_10/2
envs/fashmnist/data_level/privacy/Halimi/N_10/6
envs/fashmnist/data_level/privacy/Halimi/N_10/10
envs/fashmnist/data_level/privacy/NoT/N_5/2
envs/fashmnist/data_level/privacy/NoT/N_5/6
envs/fashmnist/data_level/privacy/NoT/N_5/10
envs/fashmnist/data_level/privacy/NoT/N_10/2
envs/fashmnist/data_level/privacy/NoT/N_10/6
envs/fashmnist/data_level/privacy/NoT/N_10/10
envs/fashmnist/data_level/privacy/unlearn/JS/N_5/2
envs/fashmnist/data_level/privacy/unlearn/JS/N_5/6
envs/fashmnist/data_level/privacy/unlearn/JS/N_5/10
envs/fashmnist/data_level/privacy/unlearn/JS/N_10/2
envs/fashmnist/data_level/privacy/unlearn/JS/N_10/6
envs/fashmnist/data_level/privacy/unlearn/JS/N_10/10
envs/fashmnist/data_level/privacy/unlearn/X2/N_5/2
envs/fashmnist/data_level/privacy/unlearn/X2/N_5/6
envs/fashmnist/data_level/privacy/unlearn/X2/N_5/10
envs/fashmnist/data_level/privacy/unlearn/X2/N_10/2
envs/fashmnist/data_level/privacy/unlearn/X2/N_10/6
envs/fashmnist/data_level/privacy/unlearn/X2/N_10/10
envs/fashmnist/data_level/privacy/unlearn/N_5/2
envs/fashmnist/data_level/privacy/unlearn/N_5/6
envs/fashmnist/data_level/privacy/unlearn/N_5/10
envs/fashmnist/data_level/privacy/unlearn/N_10/2
envs/fashmnist/data_level/privacy/unlearn/N_10/6
envs/fashmnist/data_level/privacy/unlearn/N_10/10